INFO: Found elm at /usr/local/bin/elm
INFO: Found elm 0.19.0
INFO: Found elm-format at node_modules/.bin/elm-format
INFO: Found elm-format 0.8.1
INFO: Cleaning ./elm-stuff before upgrading
INFO: Converting elm-package.json -> elm.json
INFO: Detected an application project (this project has no exposed modules)
INFO: Switching from NoRedInk/elm-decode-pipeline (deprecated) to NoRedInk/elm-json-decode-pipeline
INFO: Installing latest version of NoRedInk/elm-json-decode-pipeline
INFO: Installing latest version of debois/elm-dom
WARNING: elm-community/elm-time has not been upgraded to 0.19 yet!
WARNING: elm-community/html-extra has not been upgraded to 0.19 yet!
INFO: Installing latest version of elm-community/json-extra
INFO: Switching from elm-lang/animation-frame (deprecated) to elm/browser
INFO: Installing latest version of elm/browser
INFO: Switching from elm-lang/core (deprecated) to elm/core
INFO: Installing latest version of elm/core
INFO: Detected use of elm-lang/core#Json.Decode; installing elm/json
INFO: Detected use of elm-lang/core#Regex; installing elm/regex
INFO: Switching from elm-lang/dom (deprecated) to elm/browser
INFO: Installing latest version of elm/browser
INFO: Switching from elm-lang/html (deprecated) to elm/html
INFO: Installing latest version of elm/html
INFO: Switching from elm-lang/http (deprecated) to elm/http
INFO: Installing latest version of elm/http
INFO: Switching from elm-lang/keyboard (deprecated) to elm/browser
INFO: Installing latest version of elm/browser
INFO: Switching from elm-lang/mouse (deprecated) to elm/browser
INFO: Installing latest version of elm/browser
INFO: Switching from elm-lang/navigation (deprecated) to elm/browser
INFO: Installing latest version of elm/browser
INFO: Switching from elm-lang/navigation (deprecated) to elm/url
INFO: Installing latest version of elm/url
WARNING: elm-lang/websocket has not been upgraded to 0.19 yet!
INFO: Switching from elm-lang/window (deprecated) to elm/browser
INFO: Installing latest version of elm/browser
INFO: Switching from evancz/url-parser (deprecated) to elm/url
INFO: Installing latest version of elm/url
WARNING: fbonetti/elm-phoenix-socket has not been upgraded to 0.19 yet!
WARNING: jystic/elm-font-awesome has not been upgraded to 0.19 yet!
INFO: Installing latest version of lukewestby/elm-http-builder
INFO: Installing latest version of mdgriffith/elm-style-animation
INFO: Installing latest version of pablen/toasty
INFO: Installing latest version of rtfeldman/elm-css
INFO: Installing latest version of rtfeldman/elm-validate
INFO: Installing latest version of rundis/elm-bootstrap
WARNING: vito/elm-ansi has not been upgraded to 0.19 yet!
INFO: Upgrading *.elm files in ./src/app/


SUCCESS! Your project's dependencies and code have been upgraded.
However, your project may not yet compile due to API changes in your
dependencies.

See <https://github.com/elm/compiler/blob/master/upgrade-docs/0.19.md>
and the documentation for your dependencies for more information.

WARNING! 6 of your dependencies have not yet been upgraded to
support Elm 0.19.
  - https://github.com/elm-community/elm-time
  - https://github.com/elm-community/html-extra
  - https://github.com/elm-lang/websocket
  - https://github.com/fbonetti/elm-phoenix-socket
  - https://github.com/jystic/elm-font-awesome
  - https://github.com/vito/elm-ansi

Here are some common upgrade steps that you will need to do manually:

- NoRedInk/elm-json-decode-pipeline
  - [ ] Changes uses of Json.Decode.Pipeline.decode to Json.Decode.succeed
- elm/browser
  - [ ] Change code using AnimationFrame.* to use Browser.Events.onAnimationFrame*
  - [ ] Change code using Navigation.program* to use Browser.application
  - [ ] Use the Browser.Key passed to your init function in any calls to Browser.Navigation.pushUrl/replaceUrl/back/forward
  - [ ] Change code using Window.* to use Browser.Events.onResize
- elm/core
  - [ ] Replace uses of toString with String.fromInt, String.fromFloat, or Debug.toString as appropriate
- elm/html
  - [ ] If you used Html.program*, install elm/browser and switch to Browser.element or Browser.document
  - [ ] If you used Html.beginnerProgram, install elm/browser and switch Browser.sandbox
- elm/url
  - [ ] Changes uses of Navigation.Location to Url.Url
  - [ ] Change code using UrlParser.* to use Url.Parser.*

